<?xml version="1.0" encoding="UTF-8"?>
<testng-results ignored="0" total="3" passed="3" failed="0" skipped="0">
  <reporter-output>
  </reporter-output>
  <suite started-at="2023-10-02T09:48:12 BST" name="SITA Automation" finished-at="2023-10-02T09:48:18 BST" duration-ms="6012">
    <groups>
    </groups>
    <test started-at="2023-10-02T09:48:12 BST" name="Make Reservation" finished-at="2023-10-02T09:48:18 BST" duration-ms="6012">
      <class name="test.java.SitaAutoTask">
        <test-method signature="exploreCaribbean()[pri:1, instance:test.java.SitaAutoTask@3afae281]" started-at="2023-10-02T09:48:12 BST" name="exploreCaribbean" finished-at="2023-10-02T09:48:14 BST" duration-ms="1792" status="PASS">
          <reporter-output>
          </reporter-output>
        </test-method> <!-- exploreCaribbean -->
        <test-method signature="reserveKingston()[pri:2, instance:test.java.SitaAutoTask@3afae281]" started-at="2023-10-02T09:48:14 BST" name="reserveKingston" finished-at="2023-10-02T09:48:15 BST" duration-ms="1604" status="PASS">
          <reporter-output>
          </reporter-output>
        </test-method> <!-- reserveKingston -->
        <test-method signature="makeReservation(java.lang.String,java.lang.String,java.lang.String,java.lang.String)[pri:3, instance:test.java.SitaAutoTask@3afae281]" started-at="2023-10-02T09:48:15 BST" name="makeReservation" finished-at="2023-10-02T09:48:17 BST" duration-ms="1985" status="PASS">
          <params>
            <param index="0">
              <value>
                <![CDATA[Priyanka Dirisala]]>
              </value>
            </param>
            <param index="1">
              <value>
                <![CDATA[+447342226260]]>
              </value>
            </param>
            <param index="2">
              <value>
                <![CDATA[4+]]>
              </value>
            </param>
            <param index="3">
              <value>
                <![CDATA[Italy, Roma]]>
              </value>
            </param>
          </params>
          <reporter-output>
          </reporter-output>
        </test-method> <!-- makeReservation -->
        <test-method is-config="true" signature="tearDown()[pri:0, instance:test.java.SitaAutoTask@3afae281]" started-at="2023-10-02T09:48:17 BST" name="tearDown" finished-at="2023-10-02T09:48:18 BST" duration-ms="589" status="PASS">
          <reporter-output>
          </reporter-output>
        </test-method> <!-- tearDown -->
      </class> <!-- test.java.SitaAutoTask -->
    </test> <!-- Make Reservation -->
  </suite> <!-- SITA Automation -->
</testng-results>
