<?xml version="1.0" encoding="UTF-8"?>
<!-- Generated by org.testng.reporters.JUnitXMLReporter -->
<testsuite ignored="0" hostname="KalyanPC" failures="0" tests="3" name="Default test" time="5.349" errors="0" timestamp="2023-10-01T15:21:23 BST">
  <testcase classname="test.java.SitaAutoTask" name="exploreCaribbean" time="1.432"/>
  <testcase classname="test.java.SitaAutoTask" name="reserveKingston" time="1.685"/>
  <testcase classname="test.java.SitaAutoTask" name="makeReservation" time="2.181"/>
</testsuite> <!-- Default test -->
