<?xml version="1.0" encoding="UTF-8"?>
<!-- Generated by org.testng.reporters.JUnitXMLReporter -->
<testsuite ignored="0" hostname="KalyanPC" failures="0" tests="3" name="Make Reservation" time="6.012" errors="0" timestamp="2023-10-02T09:48:18 BST">
  <testcase classname="test.java.SitaAutoTask" name="exploreCaribbean" time="1.792"/>
  <testcase classname="test.java.SitaAutoTask" name="reserveKingston" time="1.604"/>
  <testcase classname="test.java.SitaAutoTask" name="makeReservation" time="1.985"/>
</testsuite> <!-- Make Reservation -->
